Disconnected from Oracle Database 21c Express Edition Release 21.0.0.0.0 - Production
Version 21.3.0.0.0
Connected.

CON_NAME
------------------------------
XEPDB1

User dropped.


User created.


User altered.


User altered.


Grant succeeded.


Grant succeeded.


Grant succeeded.

Connected.

Table created.


Table altered.


Table created.


Table altered.


Table created.


Table altered.


Table created.


Table altered.


Table altered.


Table created.


Table altered.


Table created.


Table altered.


Table created.


Table altered.


Table created.


Table altered.


Table created.


Table altered.


Table altered.


Table altered.


Table altered.


Table altered.


Table altered.


Table altered.


Table altered.


Table altered.


Table altered.


Table altered.


1 row created.


1 row created.


1 row created.


1 row created.


1 row created.


1 row created.


1 row created.


1 row created.


1 row created.


1 row created.


1 row created.


1 row created.


1 row created.


1 row created.


1 row created.


1 row created.


1 row created.


1 row created.


1 row created.


1 row created.


1 row created.


1 row created.


1 row created.


1 row created.


1 row created.


1 row created.


1 row created.


1 row created.


1 row created.


1 row created.


1 row created.


Commit complete.

